<?xml version="1.0" encoding="UTF-8"?>
<!-- Generated by org.testng.reporters.JUnitXMLReporter -->
<testsuite hostname="QTLSYS2-34" ignored="0" name="Default test" tests="20" failures="2" timestamp="11 Dec 2019 10:42:32 GMT" time="46.673" errors="0">
  <testcase name="@AfterMethod getResult" time="0.016" classname="pack.AA_TN_LOC">
    <failure type="org.openqa.selenium.NoSuchWindowException" message="Unable to get browser (WARNING: The server did not provide any stacktrace information)
Command duration or timeout: 0 milliseconds
Build info: version: &amp;apos;3.14.0&amp;apos;, revision: &amp;apos;aacccce0&amp;apos;, time: &amp;apos;2018-08-02T20:19:58.91Z&amp;apos;
System info: host: &amp;apos;QTLSYS2-34&amp;apos;, ip: &amp;apos;192.168.2.34&amp;apos;, os.name: &amp;apos;Windows 7&amp;apos;, os.arch: &amp;apos;amd64&amp;apos;, os.version: &amp;apos;6.1&amp;apos;, java.version: &amp;apos;1.8.0_101&amp;apos;
Driver info: org.openqa.selenium.ie.InternetExplorerDriver
Capabilities {browserAttachTimeout: 0, browserName: internet explorer, cssSelectorsEnabled: true, elementScrollBehavior: 0, enableElementCacheCleanup: true, enablePersistentHover: true, handlesAlerts: true, ie.browserCommandLineSwitches: , ie.ensureCleanSession: false, ie.forceCreateProcessApi: false, ie.usePerProcessProxy: false, ignoreProtectedModeSettings: false, ignoreZoomSetting: false, initialBrowserUrl: http://localhost:36019/, javascriptEnabled: true, nativeEvents: true, platform: WINDOWS, platformName: WINDOWS, requireWindowFocus: false, takesScreenshot: true, unexpectedAlertBehaviour: dismiss, unhandledPromptBehavior: dismiss, version: 11}
Session ID: f4c4a8f2-f1b4-4886-874e-5dd6120eae55">
      <![CDATA[org.openqa.selenium.NoSuchWindowException: Unable to get browser (WARNING: The server did not provide any stacktrace information)
Command duration or timeout: 0 milliseconds
Build info: version: '3.14.0', revision: 'aacccce0', time: '2018-08-02T20:19:58.91Z'
System info: host: 'QTLSYS2-34', ip: '192.168.2.34', os.name: 'Windows 7', os.arch: 'amd64', os.version: '6.1', java.version: '1.8.0_101'
Driver info: org.openqa.selenium.ie.InternetExplorerDriver
Capabilities {browserAttachTimeout: 0, browserName: internet explorer, cssSelectorsEnabled: true, elementScrollBehavior: 0, enableElementCacheCleanup: true, enablePersistentHover: true, handlesAlerts: true, ie.browserCommandLineSwitches: , ie.ensureCleanSession: false, ie.forceCreateProcessApi: false, ie.usePerProcessProxy: false, ignoreProtectedModeSettings: false, ignoreZoomSetting: false, initialBrowserUrl: http://localhost:36019/, javascriptEnabled: true, nativeEvents: true, platform: WINDOWS, platformName: WINDOWS, requireWindowFocus: false, takesScreenshot: true, unexpectedAlertBehaviour: dismiss, unhandledPromptBehavior: dismiss, version: 11}
Session ID: f4c4a8f2-f1b4-4886-874e-5dd6120eae55
at sun.reflect.NativeConstructorAccessorImpl.newInstance0(Native Method)
at sun.reflect.NativeConstructorAccessorImpl.newInstance(Unknown Source)
at sun.reflect.DelegatingConstructorAccessorImpl.newInstance(Unknown Source)
at java.lang.reflect.Constructor.newInstance(Unknown Source)
at org.openqa.selenium.remote.ErrorHandler.createThrowable(ErrorHandler.java:214)
at org.openqa.selenium.remote.ErrorHandler.throwIfResponseFailed(ErrorHandler.java:166)
at org.openqa.selenium.remote.http.JsonHttpResponseCodec.reconstructValue(JsonHttpResponseCodec.java:40)
at org.openqa.selenium.remote.http.AbstractHttpResponseCodec.decode(AbstractHttpResponseCodec.java:80)
at org.openqa.selenium.remote.http.AbstractHttpResponseCodec.decode(AbstractHttpResponseCodec.java:44)
at org.openqa.selenium.remote.HttpCommandExecutor.execute(HttpCommandExecutor.java:158)
at org.openqa.selenium.remote.service.DriverCommandExecutor.execute(DriverCommandExecutor.java:83)
at org.openqa.selenium.remote.RemoteWebDriver.execute(RemoteWebDriver.java:548)
at org.openqa.selenium.remote.RemoteWebDriver.execute(RemoteWebDriver.java:605)
at org.openqa.selenium.remote.RemoteWebDriver.getScreenshotAs(RemoteWebDriver.java:294)
at pack.AA_TN_LOC.getScreenhot(AA_TN_LOC.java:13194)
at pack.AA_TN_LOC.getResult(AA_TN_LOC.java:13175)
at sun.reflect.NativeMethodAccessorImpl.invoke0(Native Method)
at sun.reflect.NativeMethodAccessorImpl.invoke(Unknown Source)
at sun.reflect.DelegatingMethodAccessorImpl.invoke(Unknown Source)
at java.lang.reflect.Method.invoke(Unknown Source)
at org.testng.internal.MethodInvocationHelper.invokeMethod(MethodInvocationHelper.java:124)
at org.testng.internal.MethodInvocationHelper.invokeMethodConsideringTimeout(MethodInvocationHelper.java:59)
at org.testng.internal.Invoker.invokeConfigurationMethod(Invoker.java:458)
at org.testng.internal.Invoker.invokeConfigurations(Invoker.java:222)
at org.testng.internal.Invoker.invokeMethod(Invoker.java:646)
at org.testng.internal.Invoker.invokeTestMethod(Invoker.java:719)
at org.testng.internal.Invoker.invokeTestMethods(Invoker.java:989)
at org.testng.internal.TestMethodWorker.invokeTestMethods(TestMethodWorker.java:125)
at org.testng.internal.TestMethodWorker.run(TestMethodWorker.java:109)
at org.testng.TestRunner.privateRun(TestRunner.java:648)
at org.testng.TestRunner.run(TestRunner.java:505)
at org.testng.SuiteRunner.runTest(SuiteRunner.java:455)
at org.testng.SuiteRunner.runSequentially(SuiteRunner.java:450)
at org.testng.SuiteRunner.privateRun(SuiteRunner.java:415)
at org.testng.SuiteRunner.run(SuiteRunner.java:364)
at org.testng.SuiteRunnerWorker.runSuite(SuiteRunnerWorker.java:52)
at org.testng.SuiteRunnerWorker.run(SuiteRunnerWorker.java:84)
at org.testng.TestNG.runSuitesSequentially(TestNG.java:1208)
at org.testng.TestNG.runSuitesLocally(TestNG.java:1137)
at org.testng.TestNG.runSuites(TestNG.java:1049)
at org.testng.TestNG.run(TestNG.java:1017)
at org.testng.remote.AbstractRemoteTestNG.run(AbstractRemoteTestNG.java:114)
at org.testng.remote.RemoteTestNG.initAndRun(RemoteTestNG.java:251)
at org.testng.remote.RemoteTestNG.main(RemoteTestNG.java:77)
]]>
    </failure>
  </testcase> <!-- @AfterMethod getResult -->
  <testcase name="@AfterMethod tearDown" time="0.0" classname="pack.AA_TN_LOC">
    <skipped/>
  </testcase> <!-- @AfterMethod tearDown -->
  <testcase name="@AfterMethod tearDown" time="0.0" classname="pack.AA_TN_LOC">
    <skipped/>
  </testcase> <!-- @AfterMethod tearDown -->
  <testcase name="@AfterMethod tearDown" time="0.0" classname="pack.AA_TN_LOC">
    <skipped/>
  </testcase> <!-- @AfterMethod tearDown -->
  <testcase name="@AfterMethod tearDown" time="0.0" classname="pack.AA_TN_LOC">
    <skipped/>
  </testcase> <!-- @AfterMethod tearDown -->
  <testcase name="@AfterMethod tearDown" time="0.0" classname="pack.AA_TN_LOC">
    <skipped/>
  </testcase> <!-- @AfterMethod tearDown -->
  <testcase name="@AfterMethod tearDown" time="0.0" classname="pack.AA_TN_LOC">
    <skipped/>
  </testcase> <!-- @AfterMethod tearDown -->
  <testcase name="@AfterMethod tearDown" time="0.0" classname="pack.AA_TN_LOC">
    <skipped/>
  </testcase> <!-- @AfterMethod tearDown -->
  <testcase name="@AfterMethod tearDown" time="0.0" classname="pack.AA_TN_LOC">
    <skipped/>
  </testcase> <!-- @AfterMethod tearDown -->
  <testcase name="@AfterMethod tearDown" time="0.0" classname="pack.AA_TN_LOC">
    <skipped/>
  </testcase> <!-- @AfterMethod tearDown -->
  <testcase name="@AfterMethod tearDown" time="0.0" classname="pack.AA_TN_LOC">
    <skipped/>
  </testcase> <!-- @AfterMethod tearDown -->
  <testcase name="@AfterMethod tearDown" time="0.0" classname="pack.AA_TN_LOC">
    <skipped/>
  </testcase> <!-- @AfterMethod tearDown -->
  <testcase name="@AfterMethod tearDown" time="0.0" classname="pack.AA_TN_LOC">
    <skipped/>
  </testcase> <!-- @AfterMethod tearDown -->
  <testcase name="@AfterMethod tearDown" time="0.0" classname="pack.AA_TN_LOC">
    <skipped/>
  </testcase> <!-- @AfterMethod tearDown -->
  <testcase name="@AfterMethod tearDown" time="0.0" classname="pack.AA_TN_LOC">
    <skipped/>
  </testcase> <!-- @AfterMethod tearDown -->
  <testcase name="@AfterMethod tearDown" time="0.0" classname="pack.AA_TN_LOC">
    <skipped/>
  </testcase> <!-- @AfterMethod tearDown -->
  <testcase name="@AfterMethod tearDown" time="0.0" classname="pack.AA_TN_LOC">
    <skipped/>
  </testcase> <!-- @AfterMethod tearDown -->
  <testcase name="@AfterMethod tearDown" time="0.0" classname="pack.AA_TN_LOC">
    <skipped/>
  </testcase> <!-- @AfterMethod tearDown -->
  <testcase name="@AfterMethod tearDown" time="0.0" classname="pack.AA_TN_LOC">
    <skipped/>
  </testcase> <!-- @AfterMethod tearDown -->
  <testcase name="@AfterMethod tearDown" time="0.0" classname="pack.AA_TN_LOC">
    <skipped/>
  </testcase> <!-- @AfterMethod tearDown -->
  <testcase name="@AfterTest tearDown" time="0.0" classname="pack.AA_TN_LOC">
    <skipped/>
  </testcase> <!-- @AfterTest tearDown -->
  <testcase name="LOCICash_Draw_Stmnt_EODDueDate_DLQ_CURE_Payoff_Draw_Stmnt_Pmnt_EOD_DLQ_" time="26.612" classname="pack.AA_TN_LOC">
    <failure type="org.openqa.selenium.UnhandledAlertException" message="Modal dialog present: Please enter payment amount less than or equal to $0
Build info: version: &amp;apos;3.14.0&amp;apos;, revision: &amp;apos;aacccce0&amp;apos;, time: &amp;apos;2018-08-02T20:19:58.91Z&amp;apos;
System info: host: &amp;apos;QTLSYS2-34&amp;apos;, ip: &amp;apos;192.168.2.34&amp;apos;, os.name: &amp;apos;Windows 7&amp;apos;, os.arch: &amp;apos;amd64&amp;apos;, os.version: &amp;apos;6.1&amp;apos;, java.version: &amp;apos;1.8.0_101&amp;apos;
Driver info: org.openqa.selenium.ie.InternetExplorerDriver
Capabilities {browserAttachTimeout: 0, browserName: internet explorer, cssSelectorsEnabled: true, elementScrollBehavior: 0, enableElementCacheCleanup: true, enablePersistentHover: true, handlesAlerts: true, ie.browserCommandLineSwitches: , ie.ensureCleanSession: false, ie.forceCreateProcessApi: false, ie.usePerProcessProxy: false, ignoreProtectedModeSettings: false, ignoreZoomSetting: false, initialBrowserUrl: http://localhost:36019/, javascriptEnabled: true, nativeEvents: true, platform: WINDOWS, platformName: WINDOWS, requireWindowFocus: false, takesScreenshot: true, unexpectedAlertBehaviour: dismiss, unhandledPromptBehavior: dismiss, version: 11}
Session ID: f4c4a8f2-f1b4-4886-874e-5dd6120eae55
*** Element info: {Using=xpath, value=//*[@id=&amp;apos;btnADV_Yes&amp;apos;]}">
      <![CDATA[org.openqa.selenium.UnhandledAlertException: Modal dialog present: Please enter payment amount less than or equal to $0
Build info: version: '3.14.0', revision: 'aacccce0', time: '2018-08-02T20:19:58.91Z'
System info: host: 'QTLSYS2-34', ip: '192.168.2.34', os.name: 'Windows 7', os.arch: 'amd64', os.version: '6.1', java.version: '1.8.0_101'
Driver info: org.openqa.selenium.ie.InternetExplorerDriver
Capabilities {browserAttachTimeout: 0, browserName: internet explorer, cssSelectorsEnabled: true, elementScrollBehavior: 0, enableElementCacheCleanup: true, enablePersistentHover: true, handlesAlerts: true, ie.browserCommandLineSwitches: , ie.ensureCleanSession: false, ie.forceCreateProcessApi: false, ie.usePerProcessProxy: false, ignoreProtectedModeSettings: false, ignoreZoomSetting: false, initialBrowserUrl: http://localhost:36019/, javascriptEnabled: true, nativeEvents: true, platform: WINDOWS, platformName: WINDOWS, requireWindowFocus: false, takesScreenshot: true, unexpectedAlertBehaviour: dismiss, unhandledPromptBehavior: dismiss, version: 11}
Session ID: f4c4a8f2-f1b4-4886-874e-5dd6120eae55
*** Element info: {Using=xpath, value=//*[@id='btnADV_Yes']}
at sun.reflect.NativeConstructorAccessorImpl.newInstance0(Native Method)
at sun.reflect.NativeConstructorAccessorImpl.newInstance(Unknown Source)
at sun.reflect.DelegatingConstructorAccessorImpl.newInstance(Unknown Source)
at java.lang.reflect.Constructor.newInstance(Unknown Source)
at org.openqa.selenium.remote.ErrorHandler.createThrowable(ErrorHandler.java:214)
at org.openqa.selenium.remote.ErrorHandler.createUnhandledAlertException(ErrorHandler.java:195)
at org.openqa.selenium.remote.ErrorHandler.throwIfResponseFailed(ErrorHandler.java:156)
at org.openqa.selenium.remote.http.JsonHttpResponseCodec.reconstructValue(JsonHttpResponseCodec.java:40)
at org.openqa.selenium.remote.http.AbstractHttpResponseCodec.decode(AbstractHttpResponseCodec.java:80)
at org.openqa.selenium.remote.http.AbstractHttpResponseCodec.decode(AbstractHttpResponseCodec.java:44)
at org.openqa.selenium.remote.HttpCommandExecutor.execute(HttpCommandExecutor.java:158)
at org.openqa.selenium.remote.service.DriverCommandExecutor.execute(DriverCommandExecutor.java:83)
at org.openqa.selenium.remote.RemoteWebDriver.execute(RemoteWebDriver.java:548)
at org.openqa.selenium.remote.RemoteWebDriver.findElement(RemoteWebDriver.java:322)
at org.openqa.selenium.remote.RemoteWebDriver.findElementByXPath(RemoteWebDriver.java:424)
at org.openqa.selenium.By$ByXPath.findElement(By.java:353)
at org.openqa.selenium.remote.RemoteWebDriver.findElement(RemoteWebDriver.java:314)
at pack.Payments.Payments(Payments.java:138)
at pack.AA_TN_LOC.LOCICash_Draw_Stmnt_EODDueDate_DLQ_CURE_Payoff_Draw_Stmnt_Pmnt_EOD_DLQ_(AA_TN_LOC.java:1030)
at sun.reflect.NativeMethodAccessorImpl.invoke0(Native Method)
at sun.reflect.NativeMethodAccessorImpl.invoke(Unknown Source)
at sun.reflect.DelegatingMethodAccessorImpl.invoke(Unknown Source)
at java.lang.reflect.Method.invoke(Unknown Source)
at org.testng.internal.MethodInvocationHelper.invokeMethod(MethodInvocationHelper.java:124)
at org.testng.internal.Invoker.invokeMethod(Invoker.java:583)
at org.testng.internal.Invoker.invokeTestMethod(Invoker.java:719)
at org.testng.internal.Invoker.invokeTestMethods(Invoker.java:989)
at org.testng.internal.TestMethodWorker.invokeTestMethods(TestMethodWorker.java:125)
at org.testng.internal.TestMethodWorker.run(TestMethodWorker.java:109)
at org.testng.TestRunner.privateRun(TestRunner.java:648)
at org.testng.TestRunner.run(TestRunner.java:505)
at org.testng.SuiteRunner.runTest(SuiteRunner.java:455)
at org.testng.SuiteRunner.runSequentially(SuiteRunner.java:450)
at org.testng.SuiteRunner.privateRun(SuiteRunner.java:415)
at org.testng.SuiteRunner.run(SuiteRunner.java:364)
at org.testng.SuiteRunnerWorker.runSuite(SuiteRunnerWorker.java:52)
at org.testng.SuiteRunnerWorker.run(SuiteRunnerWorker.java:84)
at org.testng.TestNG.runSuitesSequentially(TestNG.java:1208)
at org.testng.TestNG.runSuitesLocally(TestNG.java:1137)
at org.testng.TestNG.runSuites(TestNG.java:1049)
at org.testng.TestNG.run(TestNG.java:1017)
at org.testng.remote.AbstractRemoteTestNG.run(AbstractRemoteTestNG.java:114)
at org.testng.remote.RemoteTestNG.initAndRun(RemoteTestNG.java:251)
at org.testng.remote.RemoteTestNG.main(RemoteTestNG.java:77)
]]>
    </failure>
  </testcase> <!-- LOCICash_Draw_Stmnt_EODDueDate_DLQ_CURE_Payoff_Draw_Stmnt_Pmnt_EOD_DLQ_ -->
  <testcase name="LOCICash_Draw_Stmnt_EOD_DLQ_CURE_DEF_PartialDFP_DFPFull_VoidDFP_" time="10.345" classname="pack.AA_TN_LOC">
    <failure type="org.openqa.selenium.NoSuchWindowException" message="Unable to find elements on closed window (WARNING: The server did not provide any stacktrace information)
Command duration or timeout: 0 milliseconds
Build info: version: &amp;apos;3.14.0&amp;apos;, revision: &amp;apos;aacccce0&amp;apos;, time: &amp;apos;2018-08-02T20:19:58.91Z&amp;apos;
System info: host: &amp;apos;QTLSYS2-34&amp;apos;, ip: &amp;apos;192.168.2.34&amp;apos;, os.name: &amp;apos;Windows 7&amp;apos;, os.arch: &amp;apos;amd64&amp;apos;, os.version: &amp;apos;6.1&amp;apos;, java.version: &amp;apos;1.8.0_101&amp;apos;
Driver info: org.openqa.selenium.ie.InternetExplorerDriver
Capabilities {browserAttachTimeout: 0, browserName: internet explorer, cssSelectorsEnabled: true, elementScrollBehavior: 0, enableElementCacheCleanup: true, enablePersistentHover: true, handlesAlerts: true, ie.browserCommandLineSwitches: , ie.ensureCleanSession: false, ie.forceCreateProcessApi: false, ie.usePerProcessProxy: false, ignoreProtectedModeSettings: false, ignoreZoomSetting: false, initialBrowserUrl: http://localhost:36019/, javascriptEnabled: true, nativeEvents: true, platform: WINDOWS, platformName: WINDOWS, requireWindowFocus: false, takesScreenshot: true, unexpectedAlertBehaviour: dismiss, unhandledPromptBehavior: dismiss, version: 11}
Session ID: f4c4a8f2-f1b4-4886-874e-5dd6120eae55
*** Element info: {Using=css selector, value=frame[name=&amp;apos;topFrame&amp;apos;],iframe[name=&amp;apos;topFrame&amp;apos;]}">
      <![CDATA[org.openqa.selenium.NoSuchWindowException: Unable to find elements on closed window (WARNING: The server did not provide any stacktrace information)
Command duration or timeout: 0 milliseconds
Build info: version: '3.14.0', revision: 'aacccce0', time: '2018-08-02T20:19:58.91Z'
System info: host: 'QTLSYS2-34', ip: '192.168.2.34', os.name: 'Windows 7', os.arch: 'amd64', os.version: '6.1', java.version: '1.8.0_101'
Driver info: org.openqa.selenium.ie.InternetExplorerDriver
Capabilities {browserAttachTimeout: 0, browserName: internet explorer, cssSelectorsEnabled: true, elementScrollBehavior: 0, enableElementCacheCleanup: true, enablePersistentHover: true, handlesAlerts: true, ie.browserCommandLineSwitches: , ie.ensureCleanSession: false, ie.forceCreateProcessApi: false, ie.usePerProcessProxy: false, ignoreProtectedModeSettings: false, ignoreZoomSetting: false, initialBrowserUrl: http://localhost:36019/, javascriptEnabled: true, nativeEvents: true, platform: WINDOWS, platformName: WINDOWS, requireWindowFocus: false, takesScreenshot: true, unexpectedAlertBehaviour: dismiss, unhandledPromptBehavior: dismiss, version: 11}
Session ID: f4c4a8f2-f1b4-4886-874e-5dd6120eae55
*** Element info: {Using=css selector, value=frame[name='topFrame'],iframe[name='topFrame']}
at sun.reflect.NativeConstructorAccessorImpl.newInstance0(Native Method)
at sun.reflect.NativeConstructorAccessorImpl.newInstance(Unknown Source)
at sun.reflect.DelegatingConstructorAccessorImpl.newInstance(Unknown Source)
at java.lang.reflect.Constructor.newInstance(Unknown Source)
at org.openqa.selenium.remote.ErrorHandler.createThrowable(ErrorHandler.java:214)
at org.openqa.selenium.remote.ErrorHandler.throwIfResponseFailed(ErrorHandler.java:166)
at org.openqa.selenium.remote.http.JsonHttpResponseCodec.reconstructValue(JsonHttpResponseCodec.java:40)
at org.openqa.selenium.remote.http.AbstractHttpResponseCodec.decode(AbstractHttpResponseCodec.java:80)
at org.openqa.selenium.remote.http.AbstractHttpResponseCodec.decode(AbstractHttpResponseCodec.java:44)
at org.openqa.selenium.remote.HttpCommandExecutor.execute(HttpCommandExecutor.java:158)
at org.openqa.selenium.remote.service.DriverCommandExecutor.execute(DriverCommandExecutor.java:83)
at org.openqa.selenium.remote.RemoteWebDriver.execute(RemoteWebDriver.java:548)
at org.openqa.selenium.remote.RemoteWebDriver.findElements(RemoteWebDriver.java:349)
at org.openqa.selenium.remote.RemoteWebDriver.findElementsByCssSelector(RemoteWebDriver.java:420)
at org.openqa.selenium.By$ByCssSelector.findElements(By.java:441)
at org.openqa.selenium.remote.RemoteWebDriver.findElements(RemoteWebDriver.java:310)
at org.openqa.selenium.remote.RemoteWebDriver$RemoteTargetLocator.frame(RemoteWebDriver.java:874)
at pack.BorrowerRegistrationpage.RegistrationPage_NewLoan_LOC(BorrowerRegistrationpage.java:3224)
at pack.AA_TN_LOC.LOCICash_Draw_Stmnt_EOD_DLQ_CURE_DEF_PartialDFP_DFPFull_VoidDFP_(AA_TN_LOC.java:1141)
at sun.reflect.NativeMethodAccessorImpl.invoke0(Native Method)
at sun.reflect.NativeMethodAccessorImpl.invoke(Unknown Source)
at sun.reflect.DelegatingMethodAccessorImpl.invoke(Unknown Source)
at java.lang.reflect.Method.invoke(Unknown Source)
at org.testng.internal.MethodInvocationHelper.invokeMethod(MethodInvocationHelper.java:124)
at org.testng.internal.Invoker.invokeMethod(Invoker.java:583)
at org.testng.internal.Invoker.invokeTestMethod(Invoker.java:719)
at org.testng.internal.Invoker.invokeTestMethods(Invoker.java:989)
at org.testng.internal.TestMethodWorker.invokeTestMethods(TestMethodWorker.java:125)
at org.testng.internal.TestMethodWorker.run(TestMethodWorker.java:109)
at org.testng.TestRunner.privateRun(TestRunner.java:648)
at org.testng.TestRunner.run(TestRunner.java:505)
at org.testng.SuiteRunner.runTest(SuiteRunner.java:455)
at org.testng.SuiteRunner.runSequentially(SuiteRunner.java:450)
at org.testng.SuiteRunner.privateRun(SuiteRunner.java:415)
at org.testng.SuiteRunner.run(SuiteRunner.java:364)
at org.testng.SuiteRunnerWorker.runSuite(SuiteRunnerWorker.java:52)
at org.testng.SuiteRunnerWorker.run(SuiteRunnerWorker.java:84)
at org.testng.TestNG.runSuitesSequentially(TestNG.java:1208)
at org.testng.TestNG.runSuitesLocally(TestNG.java:1137)
at org.testng.TestNG.runSuites(TestNG.java:1049)
at org.testng.TestNG.run(TestNG.java:1017)
at org.testng.remote.AbstractRemoteTestNG.run(AbstractRemoteTestNG.java:114)
at org.testng.remote.RemoteTestNG.initAndRun(RemoteTestNG.java:251)
at org.testng.remote.RemoteTestNG.main(RemoteTestNG.java:77)
]]>
    </failure>
  </testcase> <!-- LOCICash_Draw_Stmnt_EOD_DLQ_CURE_DEF_PartialDFP_DFPFull_VoidDFP_ -->
  <testcase name="LOCI_ACTM_Drawshouldnotbeavailable_stmt_DLQ_CURE_DFLT_Sc62" time="0.0" classname="pack.AA_TN_LOC">
    <skipped/>
  </testcase> <!-- LOCI_ACTM_Drawshouldnotbeavailable_stmt_DLQ_CURE_DFLT_Sc62 -->
  <testcase name="LOCI_Draw_ACTM_stmt_ACTMEnd_Deposit_ACTM_PaymentwithCash_ACTMEnd_Stmt2_Sc64" time="0.0" classname="pack.AA_TN_LOC">
    <skipped/>
  </testcase> <!-- LOCI_Draw_ACTM_stmt_ACTMEnd_Deposit_ACTM_PaymentwithCash_ACTMEnd_Stmt2_Sc64 -->
  <testcase name="LOCI_ACTM_Draw_stmt_ACTMEnd_Draw_ACTM_WaiveFee_Pymtwithcash_ACTMEnd_Stmt2_Sc70" time="0.0" classname="pack.AA_TN_LOC">
    <skipped/>
  </testcase> <!-- LOCI_ACTM_Draw_stmt_ACTMEnd_Draw_ACTM_WaiveFee_Pymtwithcash_ACTMEnd_Stmt2_Sc70 -->
  <testcase name="LOCI_Draw_ACTM_stmt_ACTMEnd_Payoff_ACMT_VoidPayoff_ACTMEnd_stmt2_Sc72" time="0.0" classname="pack.AA_TN_LOC">
    <skipped/>
  </testcase> <!-- LOCI_Draw_ACTM_stmt_ACTMEnd_Payoff_ACMT_VoidPayoff_ACTMEnd_stmt2_Sc72 -->
  <testcase name="LOCI_Draw_ACTM_stmt_ACTMEnd_Deposit_Return_Payment_ACTM_PaymentVoid_ACTMEnd_Stmt_Sc73" time="0.0" classname="pack.AA_TN_LOC">
    <skipped/>
  </testcase> <!-- LOCI_Draw_ACTM_stmt_ACTMEnd_Deposit_Return_Payment_ACTM_PaymentVoid_ACTMEnd_Stmt_Sc73 -->
  <testcase name="LOCI_Draw_Stmt_DLQ_CURE_Default_Writeoff_RCCSchedule_1stinstallmentPaid_ActiveMiltary_RccPlacementshouldStop" time="0.0" classname="pack.AA_TN_LOC">
    <skipped/>
  </testcase> <!-- LOCI_Draw_Stmt_DLQ_CURE_Default_Writeoff_RCCSchedule_1stinstallmentPaid_ActiveMiltary_RccPlacementshouldStop -->
  <testcase name="Loanintialitation_Draw_Generatestatement_DLQ_CURE_Default_Activemiltary_PaymentPlan_writeoff" time="0.0" classname="pack.AA_TN_LOC">
    <skipped/>
  </testcase> <!-- Loanintialitation_Draw_Generatestatement_DLQ_CURE_Default_Activemiltary_PaymentPlan_writeoff -->
  <testcase name="LoanInitiation_Draw_GenerateStatement_DLQ_CURE_Default_Writeoff_Activemilitary_PaymentPlan" time="0.0" classname="pack.AA_TN_LOC">
    <skipped/>
  </testcase> <!-- LoanInitiation_Draw_GenerateStatement_DLQ_CURE_Default_Writeoff_Activemilitary_PaymentPlan -->
  <testcase name="Loanintillation_Draw_Generatestatement_Payoff_ActiveMilatary_payoffvoid_Activemilataryend_payment_GenerateStatement" time="0.0" classname="pack.AA_TN_LOC">
    <skipped/>
  </testcase> <!-- Loanintillation_Draw_Generatestatement_Payoff_ActiveMilatary_payoffvoid_Activemilataryend_payment_GenerateStatement -->
  <testcase name="LOCI_ACTM_Draw_stmt_Pymtlessminpayamt_Draw_Pymt_VoidPymt_Draw_ACTMEnd_stmt2_Sc88" time="0.0" classname="pack.AA_TN_LOC">
    <skipped/>
  </testcase> <!-- LOCI_ACTM_Draw_stmt_Pymtlessminpayamt_Draw_Pymt_VoidPymt_Draw_ACTMEnd_stmt2_Sc88 -->
  <testcase name="LOCI_Draw_Stmt_ACTM_DLQ_CURE_Payment_VoidPymt_Pymt_Draw_ACTMEnd_Draw_Payment_stmt2_Sc92" time="0.0" classname="pack.AA_TN_LOC">
    <skipped/>
  </testcase> <!-- LOCI_Draw_Stmt_ACTM_DLQ_CURE_Payment_VoidPymt_Pymt_Draw_ACTMEnd_Draw_Payment_stmt2_Sc92 -->
  <testcase name="LOCI_Draw_PNBK_VoidPNBK_Drawavailable" time="0.0" classname="pack.AA_TN_LOC">
    <skipped/>
  </testcase> <!-- LOCI_Draw_PNBK_VoidPNBK_Drawavailable -->
  <testcase name="LOCI_Draw_PNBK_Drawnotavailble_VoidDraw" time="0.0" classname="pack.AA_TN_LOC">
    <skipped/>
  </testcase> <!-- LOCI_Draw_PNBK_Drawnotavailble_VoidDraw -->
  <testcase name="LOCI_Draw_Statement_Draw_PBNK_Drawnotavailable" time="0.0" classname="pack.AA_TN_LOC">
    <skipped/>
  </testcase> <!-- LOCI_Draw_Statement_Draw_PBNK_Drawnotavailable -->
  <testcase name="LOCI_Draw_Statement_Draw_PBNKbeforeduedate_NoDeposit" time="0.0" classname="pack.AA_TN_LOC">
    <skipped/>
  </testcase> <!-- LOCI_Draw_Statement_Draw_PBNKbeforeduedate_NoDeposit -->
  <testcase name="LOCI_Draw_Statement_Draw_PBNKbeforeduedate_VoidPBNK_Deposit" time="0.0" classname="pack.AA_TN_LOC">
    <skipped/>
  </testcase> <!-- LOCI_Draw_Statement_Draw_PBNKbeforeduedate_VoidPBNK_Deposit -->
  <testcase name="LOCI_Draw_Statement_Draw_PBNKbeforeduedate_VoidPBNKAfterduedate_Deposit" time="0.0" classname="pack.AA_TN_LOC">
    <skipped/>
  </testcase> <!-- LOCI_Draw_Statement_Draw_PBNKbeforeduedate_VoidPBNKAfterduedate_Deposit -->
  <testcase name="Loan_Draw_MinPayment_Dismissed_Drawnotavilable_Txn_Testdata" time="0.0" classname="pack.AA_TN_LOC">
    <skipped/>
  </testcase> <!-- Loan_Draw_MinPayment_Dismissed_Drawnotavilable_Txn_Testdata -->
</testsuite> <!-- Default test -->
